Using pre-set license
Built from '2020.3/release' branch; Version is '2020.3.12f1 (b3b2c6512326) revision 11776710'; Using compiler version '192528614'; Build Type 'Release'
OS: 'Windows 10 Pro; OS build 22621.2715; Version 2009; 64bit' Language: 'en' Physical Memory: 15775 MB
BatchMode: 1, IsHumanControllingUs: 0, StartBugReporterOnCrash: 0, Is64bit: 1, IsPro: 0

 COMMAND LINE ARGUMENTS:
C:\Program Files\Unity\Hub\Editor\2020.3.12f1\Editor\Unity.exe
-adb2
-batchMode
-noUpm
-name
AssetImportWorker0
-projectPath
C:/Users/Code Ninjas/Documents/GitHub/droppingbombspt3-cr/🗿🗿🗿🗿
-logFile
Logs/AssetImportWorker0.log
-srvPort
53732
Successfully changed project path to: C:/Users/Code Ninjas/Documents/GitHub/droppingbombspt3-cr/🗿🗿🗿🗿
C:/Users/Code Ninjas/Documents/GitHub/droppingbombspt3-cr/🗿🗿🗿🗿
Using Asset Import Pipeline V2.
Refreshing native plugins compatible for Editor in 27.60 ms, found 2 plugins.
Preloading 0 native plugins for Editor in 0.00 ms.
Initialize engine version: 2020.3.12f1 (b3b2c6512326)
[Subsystems] Discovering subsystems at path C:/Program Files/Unity/Hub/Editor/2020.3.12f1/Editor/Data/Resources/UnitySubsystems
[Subsystems] Discovering subsystems at path C:/Users/Code Ninjas/Documents/GitHub/droppingbombspt3-cr/🗿🗿🗿🗿/Assets
GfxDevice: creating device client; threaded=0
Direct3D:
    Version:  Direct3D 11.0 [level 11.1]
    Renderer: NVIDIA GeForce RTX 3050 Ti Laptop GPU (ID=0x25a0)
    Vendor:   
    VRAM:     3990 MB
    Driver:   30.0.15.1169
Initialize mono
Mono path[0] = 'C:/Program Files/Unity/Hub/Editor/2020.3.12f1/Editor/Data/Managed'
Mono path[1] = 'C:/Program Files/Unity/Hub/Editor/2020.3.12f1/Editor/Data/MonoBleedingEdge/lib/mono/unityjit'
Mono config path = 'C:/Program Files/Unity/Hub/Editor/2020.3.12f1/Editor/Data/MonoBleedingEdge/etc'
Using monoOptions --debugger-agent=transport=dt_socket,embedding=1,server=y,suspend=n,address=127.0.0.1:56864
Begin MonoManager ReloadAssembly
Registering precompiled unity dll's ...
Register platform support module: C:/Program Files/Unity/Hub/Editor/2020.3.12f1/Editor/Data/PlaybackEngines/WindowsStandaloneSupport/UnityEditor.WindowsStandalone.Extensions.dll
Registered in 0.003565 seconds.
Native extension for WindowsStandalone target not found
Refreshing native plugins compatible for Editor in 26.90 ms, found 2 plugins.
Preloading 0 native plugins for Editor in 0.00 ms.
Mono: successfully reloaded assembly
- Completed reload, in  1.227 seconds
Platform modules already initialized, skipping
Registering precompiled user dll's ...
Registered in 0.006460 seconds.
Begin MonoManager ReloadAssembly
Native extension for WindowsStandalone target not found
Refreshing native plugins compatible for Editor in 0.40 ms, found 2 plugins.
Preloading 0 native plugins for Editor in 0.00 ms.
Mono: successfully reloaded assembly
- Completed reload, in  0.930 seconds
Platform modules already initialized, skipping
========================================================================
Worker process is ready to serve import requests
Launched and connected shader compiler UnityShaderCompiler.exe after 0.05 seconds
Refreshing native plugins compatible for Editor in 0.41 ms, found 2 plugins.
Preloading 0 native plugins for Editor in 0.00 ms.
Unloading 1394 Unused Serialized files (Serialized files now loaded: 0)
System memory in use before: 65.5 MB.
System memory in use after: 65.5 MB.

Unloading 19 unused Assets to reduce memory usage. Loaded Objects now: 1828.
Total: 2.480800 ms (FindLiveObjects: 0.137400 ms CreateObjectMapping: 0.039700 ms MarkObjects: 2.217900 ms  DeleteObjects: 0.085000 ms)

AssetImportParameters requested are different than current active one (requested -> active):
  custom:framework-win-MediaFoundation: 216162199b28c13a410421893ffa2e32 -> 
  custom:video-decoder-ogg-theora: a1e56fd34408186e4bbccfd4996cb3dc -> 
  custom:container-muxer-webm: aa71ff27fc2769a1b78a27578f13a17b -> 
  custom:container-demuxer-webm: 4f35f7cbe854078d1ac9338744f61a02 -> 
  custom:container-demuxer-ogg: 62fdf1f143b41e24485cea50d1cbac27 -> 
  custom:video-encoder-webm-vp8: eb34c28f22e8b96e1ab97ce403110664 -> 
  custom:video-decoder-webm-vp8: 9c59270c3fd7afecdb556c50c9e8de78 -> 
  custom:audio-decoder-ogg-vorbis: bf7c407c2cedff20999df2af8eb42d56 -> 
  custom:audio-encoder-webm-vorbis: bf7c407c2cedff20999df2af8eb42d56 -> 
========================================================================
Received Import Request.
  path: Assets/Prefabs/Rocket.prefab
  artifactKey: Guid(82169fb5eac75114e9dae4d2dd916e6f) Importer(815301076,1909f56bfc062723c751e8b465ee728b)
Start importing Assets/Prefabs/Rocket.prefab using Guid(82169fb5eac75114e9dae4d2dd916e6f) Importer(815301076,1909f56bfc062723c751e8b465ee728b)  -> (artifact id: 'ea0dd0c57d47b44df43a03ebe1929ee9') in 0.147142 seconds 
  Import took 0.149874 seconds .

========================================================================
Received Import Request.
  Time since last request: 0.000294 seconds.
  path: Assets/Prefabs/Bomb.prefab
  artifactKey: Guid(88e91f45e4952834ba82932579e2711e) Importer(815301076,1909f56bfc062723c751e8b465ee728b)
Start importing Assets/Prefabs/Bomb.prefab using Guid(88e91f45e4952834ba82932579e2711e) Importer(815301076,1909f56bfc062723c751e8b465ee728b)  -> (artifact id: '7a2793ea3ce3ed3cfae9b643fdad6ba0') in 0.033190 seconds 
  Import took 0.035842 seconds .

========================================================================
Received Import Request.
  Time since last request: 288.625554 seconds.
  path: Assets/Scripts/GameManager.cs
  artifactKey: Guid(314d6422909ac0c4f92699d1f318b27c) Importer(815301076,1909f56bfc062723c751e8b465ee728b)
Start importing Assets/Scripts/GameManager.cs using Guid(314d6422909ac0c4f92699d1f318b27c) Importer(815301076,1909f56bfc062723c751e8b465ee728b)  -> (artifact id: '70a5bad8a3d49fcf0d483aed90571fc2') in 0.017937 seconds 
  Import took 0.021736 seconds .

========================================================================
Received Import Request.
  Time since last request: 0.019970 seconds.
  path: Assets/Scripts/GameManager.cs
  artifactKey: Guid(314d6422909ac0c4f92699d1f318b27c) Importer(815301076,1909f56bfc062723c751e8b465ee728b)
Start importing Assets/Scripts/GameManager.cs using Guid(314d6422909ac0c4f92699d1f318b27c) Importer(815301076,1909f56bfc062723c751e8b465ee728b)  -> (artifact id: '70a5bad8a3d49fcf0d483aed90571fc2') in 0.004050 seconds 
  Import took 0.007702 seconds .

========================================================================
Received Import Request.
  Time since last request: 766.274423 seconds.
  path: Assets/Scripts/GameManager.cs
  artifactKey: Guid(314d6422909ac0c4f92699d1f318b27c) Importer(815301076,1909f56bfc062723c751e8b465ee728b)
Start importing Assets/Scripts/GameManager.cs using Guid(314d6422909ac0c4f92699d1f318b27c) Importer(815301076,1909f56bfc062723c751e8b465ee728b)  -> (artifact id: '7e30d6cfda7355314627ca68b3923504') in 0.006609 seconds 
  Import took 0.010769 seconds .

========================================================================
Received Import Request.
  Time since last request: 0.001166 seconds.
  path: Assets/Scripts/GameManager.cs
  artifactKey: Guid(314d6422909ac0c4f92699d1f318b27c) Importer(815301076,1909f56bfc062723c751e8b465ee728b)
Start importing Assets/Scripts/GameManager.cs using Guid(314d6422909ac0c4f92699d1f318b27c) Importer(815301076,1909f56bfc062723c751e8b465ee728b)  -> (artifact id: '7e30d6cfda7355314627ca68b3923504') in 0.005580 seconds 
  Import took 0.009966 seconds .

========================================================================
Received Import Request.
  Time since last request: 25.243262 seconds.
  path: Assets/Scripts/GameManager.cs
  artifactKey: Guid(314d6422909ac0c4f92699d1f318b27c) Importer(815301076,1909f56bfc062723c751e8b465ee728b)
Start importing Assets/Scripts/GameManager.cs using Guid(314d6422909ac0c4f92699d1f318b27c) Importer(815301076,1909f56bfc062723c751e8b465ee728b)  -> (artifact id: 'd69dc065c3fbd82544affb22580f2f5f') in 0.005252 seconds 
  Import took 0.010351 seconds .

AssetImportWorkerClient::OnTransportError - code=2 error=End of file
